<?xml version="1.0" encoding="UTF-8"?>
<testng-results ignored="0" total="6" passed="6" failed="0" skipped="0">
  <reporter-output>
    <line>
      <![CDATA[browser launched succesfully]]>
    </line>
    <line>
      <![CDATA[login succesful]]>
    </line>
    <line>
      <![CDATA[Electronic product created]]>
    </line>
    <line>
      <![CDATA[logut succesful]]>
    </line>
    <line>
      <![CDATA[login succesful]]>
    </line>
    <line>
      <![CDATA[Electronic product updated]]>
    </line>
    <line>
      <![CDATA[logut succesful]]>
    </line>
    <line>
      <![CDATA[login succesful]]>
    </line>
    <line>
      <![CDATA[Electronic product updated]]>
    </line>
    <line>
      <![CDATA[logut succesful]]>
    </line>
    <line>
      <![CDATA[browser launched succesfully]]>
    </line>
    <line>
      <![CDATA[browser launched succesfully]]>
    </line>
    <line>
      <![CDATA[login succesful]]>
    </line>
    <line>
      <![CDATA[kids product created]]>
    </line>
    <line>
      <![CDATA[logut succesful]]>
    </line>
    <line>
      <![CDATA[login succesful]]>
    </line>
    <line>
      <![CDATA[kids product updated]]>
    </line>
    <line>
      <![CDATA[logut succesful]]>
    </line>
    <line>
      <![CDATA[login succesful]]>
    </line>
    <line>
      <![CDATA[kids product updated]]>
    </line>
    <line>
      <![CDATA[logut succesful]]>
    </line>
    <line>
      <![CDATA[browser launched succesfully]]>
    </line>
  </reporter-output>
  <suite started-at="2024-11-07T16:18:37 IST" name="RegressionSuite" finished-at="2024-11-07T16:18:37 IST" duration-ms="183">
    <groups>
    </groups>
    <test started-at="2024-11-07T16:18:37 IST" name="ChromeTest" finished-at="2024-11-07T16:18:37 IST" duration-ms="183">
      <class name="com.Ecommerce.InstaSnap.ProductTest.VerifyKidsProduct">
        <test-method is-config="true" signature="BrowserSetup()[pri:0, instance:com.Ecommerce.InstaSnap.ProductTest.VerifyKidsProduct@290222c1]" started-at="2024-11-07T16:18:37 IST" name="BrowserSetup" finished-at="2024-11-07T16:18:37 IST" duration-ms="0" status="PASS">
          <reporter-output>
            <line>
              <![CDATA[browser launched succesfully]]>
            </line>
          </reporter-output>
        </test-method> <!-- BrowserSetup -->
        <test-method is-config="true" signature="login()[pri:0, instance:com.Ecommerce.InstaSnap.ProductTest.VerifyKidsProduct@290222c1]" started-at="2024-11-07T16:18:37 IST" name="login" finished-at="2024-11-07T16:18:37 IST" duration-ms="1" status="PASS">
          <reporter-output>
            <line>
              <![CDATA[login succesful]]>
            </line>
          </reporter-output>
        </test-method> <!-- login -->
        <test-method signature="createProduct()[pri:1, instance:com.Ecommerce.InstaSnap.ProductTest.VerifyKidsProduct@290222c1]" started-at="2024-11-07T16:18:37 IST" name="createProduct" finished-at="2024-11-07T16:18:37 IST" duration-ms="3" status="PASS">
          <reporter-output>
            <line>
              <![CDATA[kids product created]]>
            </line>
          </reporter-output>
        </test-method> <!-- createProduct -->
        <test-method is-config="true" signature="logout()[pri:0, instance:com.Ecommerce.InstaSnap.ProductTest.VerifyKidsProduct@290222c1]" started-at="2024-11-07T16:18:37 IST" name="logout" finished-at="2024-11-07T16:18:37 IST" duration-ms="0" status="PASS">
          <reporter-output>
            <line>
              <![CDATA[logut succesful]]>
            </line>
          </reporter-output>
        </test-method> <!-- logout -->
        <test-method is-config="true" signature="login()[pri:0, instance:com.Ecommerce.InstaSnap.ProductTest.VerifyKidsProduct@290222c1]" started-at="2024-11-07T16:18:37 IST" name="login" finished-at="2024-11-07T16:18:37 IST" duration-ms="1" status="PASS">
          <reporter-output>
            <line>
              <![CDATA[login succesful]]>
            </line>
          </reporter-output>
        </test-method> <!-- login -->
        <test-method signature="updateProduct()[pri:2, instance:com.Ecommerce.InstaSnap.ProductTest.VerifyKidsProduct@290222c1]" started-at="2024-11-07T16:18:37 IST" name="updateProduct" finished-at="2024-11-07T16:18:37 IST" depends-on-methods="com.Ecommerce.InstaSnap.ProductTest.VerifyKidsProduct.createProduct" duration-ms="2" status="PASS">
          <reporter-output>
            <line>
              <![CDATA[kids product updated]]>
            </line>
          </reporter-output>
        </test-method> <!-- updateProduct -->
        <test-method is-config="true" signature="logout()[pri:0, instance:com.Ecommerce.InstaSnap.ProductTest.VerifyKidsProduct@290222c1]" started-at="2024-11-07T16:18:37 IST" name="logout" finished-at="2024-11-07T16:18:37 IST" duration-ms="1" status="PASS">
          <reporter-output>
            <line>
              <![CDATA[logut succesful]]>
            </line>
          </reporter-output>
        </test-method> <!-- logout -->
        <test-method signature="updateProduct()[pri:2, instance:com.Ecommerce.InstaSnap.ProductTest.VerifyKidsProduct@290222c1]" started-at="2024-11-07T16:18:37 IST" name="updateProduct" finished-at="2024-11-07T16:18:37 IST" depends-on-methods="com.Ecommerce.InstaSnap.ProductTest.VerifyKidsProduct.createProduct" duration-ms="2" status="PASS">
          <reporter-output>
            <line>
              <![CDATA[kids product updated]]>
            </line>
          </reporter-output>
        </test-method> <!-- updateProduct -->
        <test-method is-config="true" signature="login()[pri:0, instance:com.Ecommerce.InstaSnap.ProductTest.VerifyKidsProduct@290222c1]" started-at="2024-11-07T16:18:37 IST" name="login" finished-at="2024-11-07T16:18:37 IST" duration-ms="0" status="PASS">
          <reporter-output>
            <line>
              <![CDATA[login succesful]]>
            </line>
          </reporter-output>
        </test-method> <!-- login -->
        <test-method is-config="true" signature="logout()[pri:0, instance:com.Ecommerce.InstaSnap.ProductTest.VerifyKidsProduct@290222c1]" started-at="2024-11-07T16:18:37 IST" name="logout" finished-at="2024-11-07T16:18:37 IST" duration-ms="1" status="PASS">
          <reporter-output>
            <line>
              <![CDATA[logut succesful]]>
            </line>
          </reporter-output>
        </test-method> <!-- logout -->
        <test-method is-config="true" signature="TerminateBrowser()[pri:0, instance:com.Ecommerce.InstaSnap.ProductTest.VerifyKidsProduct@290222c1]" started-at="2024-11-07T16:18:37 IST" name="TerminateBrowser" finished-at="2024-11-07T16:18:37 IST" duration-ms="2" status="PASS">
          <reporter-output>
            <line>
              <![CDATA[browser launched succesfully]]>
            </line>
          </reporter-output>
        </test-method> <!-- TerminateBrowser -->
      </class> <!-- com.Ecommerce.InstaSnap.ProductTest.VerifyKidsProduct -->
      <class name="com.Ecommerce.InstaSnap.ProductTest.VerifyElectronicProduct">
        <test-method is-config="true" signature="BrowserSetup()[pri:0, instance:com.Ecommerce.InstaSnap.ProductTest.VerifyElectronicProduct@550dbc7a]" started-at="2024-11-07T16:18:37 IST" name="BrowserSetup" finished-at="2024-11-07T16:18:37 IST" duration-ms="14" status="PASS">
          <reporter-output>
            <line>
              <![CDATA[browser launched succesfully]]>
            </line>
          </reporter-output>
        </test-method> <!-- BrowserSetup -->
        <test-method is-config="true" signature="login()[pri:0, instance:com.Ecommerce.InstaSnap.ProductTest.VerifyElectronicProduct@550dbc7a]" started-at="2024-11-07T16:18:37 IST" name="login" finished-at="2024-11-07T16:18:37 IST" duration-ms="2" status="PASS">
          <reporter-output>
            <line>
              <![CDATA[login succesful]]>
            </line>
          </reporter-output>
        </test-method> <!-- login -->
        <test-method signature="createProduct()[pri:1, instance:com.Ecommerce.InstaSnap.ProductTest.VerifyElectronicProduct@550dbc7a]" started-at="2024-11-07T16:18:37 IST" name="createProduct" finished-at="2024-11-07T16:18:37 IST" duration-ms="10" status="PASS">
          <reporter-output>
            <line>
              <![CDATA[Electronic product created]]>
            </line>
          </reporter-output>
        </test-method> <!-- createProduct -->
        <test-method is-config="true" signature="logout()[pri:0, instance:com.Ecommerce.InstaSnap.ProductTest.VerifyElectronicProduct@550dbc7a]" started-at="2024-11-07T16:18:37 IST" name="logout" finished-at="2024-11-07T16:18:37 IST" duration-ms="0" status="PASS">
          <reporter-output>
            <line>
              <![CDATA[logut succesful]]>
            </line>
          </reporter-output>
        </test-method> <!-- logout -->
        <test-method is-config="true" signature="login()[pri:0, instance:com.Ecommerce.InstaSnap.ProductTest.VerifyElectronicProduct@550dbc7a]" started-at="2024-11-07T16:18:37 IST" name="login" finished-at="2024-11-07T16:18:37 IST" duration-ms="1" status="PASS">
          <reporter-output>
            <line>
              <![CDATA[login succesful]]>
            </line>
          </reporter-output>
        </test-method> <!-- login -->
        <test-method signature="updateProduct()[pri:2, instance:com.Ecommerce.InstaSnap.ProductTest.VerifyElectronicProduct@550dbc7a]" started-at="2024-11-07T16:18:37 IST" name="updateProduct" finished-at="2024-11-07T16:18:37 IST" depends-on-methods="com.Ecommerce.InstaSnap.ProductTest.VerifyElectronicProduct.createProduct" duration-ms="7" status="PASS">
          <reporter-output>
            <line>
              <![CDATA[Electronic product updated]]>
            </line>
          </reporter-output>
        </test-method> <!-- updateProduct -->
        <test-method is-config="true" signature="logout()[pri:0, instance:com.Ecommerce.InstaSnap.ProductTest.VerifyElectronicProduct@550dbc7a]" started-at="2024-11-07T16:18:37 IST" name="logout" finished-at="2024-11-07T16:18:37 IST" duration-ms="1" status="PASS">
          <reporter-output>
            <line>
              <![CDATA[logut succesful]]>
            </line>
          </reporter-output>
        </test-method> <!-- logout -->
        <test-method is-config="true" signature="login()[pri:0, instance:com.Ecommerce.InstaSnap.ProductTest.VerifyElectronicProduct@550dbc7a]" started-at="2024-11-07T16:18:37 IST" name="login" finished-at="2024-11-07T16:18:37 IST" duration-ms="1" status="PASS">
          <reporter-output>
            <line>
              <![CDATA[login succesful]]>
            </line>
          </reporter-output>
        </test-method> <!-- login -->
        <test-method signature="updateProduct()[pri:2, instance:com.Ecommerce.InstaSnap.ProductTest.VerifyElectronicProduct@550dbc7a]" started-at="2024-11-07T16:18:37 IST" name="updateProduct" finished-at="2024-11-07T16:18:37 IST" depends-on-methods="com.Ecommerce.InstaSnap.ProductTest.VerifyElectronicProduct.createProduct" duration-ms="7" status="PASS">
          <reporter-output>
            <line>
              <![CDATA[Electronic product updated]]>
            </line>
          </reporter-output>
        </test-method> <!-- updateProduct -->
        <test-method is-config="true" signature="logout()[pri:0, instance:com.Ecommerce.InstaSnap.ProductTest.VerifyElectronicProduct@550dbc7a]" started-at="2024-11-07T16:18:37 IST" name="logout" finished-at="2024-11-07T16:18:37 IST" duration-ms="1" status="PASS">
          <reporter-output>
            <line>
              <![CDATA[logut succesful]]>
            </line>
          </reporter-output>
        </test-method> <!-- logout -->
        <test-method is-config="true" signature="TerminateBrowser()[pri:0, instance:com.Ecommerce.InstaSnap.ProductTest.VerifyElectronicProduct@550dbc7a]" started-at="2024-11-07T16:18:37 IST" name="TerminateBrowser" finished-at="2024-11-07T16:18:37 IST" duration-ms="1" status="PASS">
          <reporter-output>
            <line>
              <![CDATA[browser launched succesfully]]>
            </line>
          </reporter-output>
        </test-method> <!-- TerminateBrowser -->
      </class> <!-- com.Ecommerce.InstaSnap.ProductTest.VerifyElectronicProduct -->
    </test> <!-- ChromeTest -->
  </suite> <!-- RegressionSuite -->
</testng-results>
